<?xml version="1.0" encoding="UTF-8"?>
<testsuite name="com.security.dynamic.web.dto.IndexControllerTest" tests="1" skipped="0" failures="0" errors="0" timestamp="2022-05-18T12:27:34" hostname="KANGHOONui-MacBookPro.local" time="0.093">
  <properties/>
  <testcase name="loading_main_page()" classname="com.security.dynamic.web.dto.IndexControllerTest" time="0.093"/>
  <system-out><![CDATA[2022-05-18 21:27:34.497  INFO 216 --- [    Test worker] .b.t.c.SpringBootTestContextBootstrapper : Neither @ContextConfiguration nor @ContextHierarchy found for test class [com.security.dynamic.web.dto.IndexControllerTest], using SpringBootContextLoader
2022-05-18 21:27:34.497  INFO 216 --- [    Test worker] o.s.t.c.support.AbstractContextLoader    : Could not detect default resource locations for test class [com.security.dynamic.web.dto.IndexControllerTest]: no resource found for suffixes {-context.xml, Context.groovy}.
2022-05-18 21:27:34.497  INFO 216 --- [    Test worker] t.c.s.AnnotationConfigContextLoaderUtils : Could not detect default configuration classes for test class [com.security.dynamic.web.dto.IndexControllerTest]: IndexControllerTest does not declare any static, non-private, non-final, nested classes annotated with @Configuration.
2022-05-18 21:27:34.501  INFO 216 --- [    Test worker] .b.t.c.SpringBootTestContextBootstrapper : Found @SpringBootConfiguration com.security.dynamic.DynamicApplication for test class com.security.dynamic.web.dto.IndexControllerTest
2022-05-18 21:27:34.501  INFO 216 --- [    Test worker] .b.t.c.SpringBootTestContextBootstrapper : Loaded default TestExecutionListener class names from location [META-INF/spring.factories]: [org.springframework.security.test.context.support.WithSecurityContextTestExecutionListener, org.springframework.security.test.context.support.ReactorContextTestExecutionListener, org.springframework.boot.test.autoconfigure.restdocs.RestDocsTestExecutionListener, org.springframework.boot.test.autoconfigure.web.client.MockRestServiceServerResetTestExecutionListener, org.springframework.boot.test.autoconfigure.web.servlet.MockMvcPrintOnlyOnFailureTestExecutionListener, org.springframework.boot.test.autoconfigure.web.servlet.WebDriverTestExecutionListener, org.springframework.boot.test.autoconfigure.webservices.client.MockWebServiceServerTestExecutionListener, org.springframework.boot.test.mock.mockito.MockitoTestExecutionListener, org.springframework.boot.test.mock.mockito.ResetMocksTestExecutionListener, org.springframework.test.context.web.ServletTestExecutionListener, org.springframework.test.context.support.DirtiesContextBeforeModesTestExecutionListener, org.springframework.test.context.event.ApplicationEventsTestExecutionListener, org.springframework.test.context.support.DependencyInjectionTestExecutionListener, org.springframework.test.context.support.DirtiesContextTestExecutionListener, org.springframework.test.context.transaction.TransactionalTestExecutionListener, org.springframework.test.context.jdbc.SqlScriptsTestExecutionListener, org.springframework.test.context.event.EventPublishingTestExecutionListener]
2022-05-18 21:27:34.502  INFO 216 --- [    Test worker] .b.t.c.SpringBootTestContextBootstrapper : Using TestExecutionListeners: [org.springframework.test.context.web.ServletTestExecutionListener@23243bc0, org.springframework.test.context.support.DirtiesContextBeforeModesTestExecutionListener@770c3ca2, org.springframework.test.context.event.ApplicationEventsTestExecutionListener@1267f832, org.springframework.boot.test.mock.mockito.MockitoTestExecutionListener@711261c7, org.springframework.boot.test.autoconfigure.SpringBootDependencyInjectionTestExecutionListener@73eaae1e, org.springframework.test.context.support.DirtiesContextTestExecutionListener@659565ed, org.springframework.test.context.transaction.TransactionalTestExecutionListener@481eb705, org.springframework.test.context.jdbc.SqlScriptsTestExecutionListener@2ae0eb98, org.springframework.security.test.context.support.WithSecurityContextTestExecutionListener@c5c2a84, org.springframework.test.context.event.EventPublishingTestExecutionListener@42a89cef, org.springframework.security.test.context.support.ReactorContextTestExecutionListener@7f33ad20, org.springframework.boot.test.autoconfigure.restdocs.RestDocsTestExecutionListener@52a23575, org.springframework.boot.test.autoconfigure.web.client.MockRestServiceServerResetTestExecutionListener@3f473daf, org.springframework.boot.test.autoconfigure.web.servlet.MockMvcPrintOnlyOnFailureTestExecutionListener@390e814c, org.springframework.boot.test.autoconfigure.web.servlet.WebDriverTestExecutionListener@5bb661e0, org.springframework.boot.test.autoconfigure.webservices.client.MockWebServiceServerTestExecutionListener@18fcfe7e, org.springframework.boot.test.mock.mockito.ResetMocksTestExecutionListener@1ed0128b]
2022-05-18 21:27:34.562  INFO 216 --- [o-auto-1-exec-1] o.a.c.c.C.[Tomcat].[localhost].[/]       : Initializing Spring DispatcherServlet 'dispatcherServlet'
2022-05-18 21:27:34.562  INFO 216 --- [o-auto-1-exec-1] o.s.web.servlet.DispatcherServlet        : Initializing Servlet 'dispatcherServlet'
2022-05-18 21:27:34.563  INFO 216 --- [o-auto-1-exec-1] o.s.web.servlet.DispatcherServlet        : Completed initialization in 1 ms
Hibernate: select posts0_.id as id1_0_, posts0_.created_date as created_2_0_, posts0_.modified_date as modified3_0_, posts0_.author as author4_0_, posts0_.content as content5_0_, posts0_.title as title6_0_ from posts posts0_ order by posts0_.id desc
]]></system-out>
  <system-err><![CDATA[]]></system-err>
</testsuite>
