<?xml version="1.0" encoding="UTF-8"?>
<testsuite name="com.security.dynamic.web.PostsApiControllerTest" tests="2" skipped="0" failures="0" errors="0" timestamp="2022-05-18T03:04:26" hostname="KANGHOONui-MacBookPro.local" time="0.053">
  <properties/>
  <testcase name="update_Posts()" classname="com.security.dynamic.web.PostsApiControllerTest" time="0.045"/>
  <testcase name="save_Posts()" classname="com.security.dynamic.web.PostsApiControllerTest" time="0.008"/>
  <system-out><![CDATA[2022-05-18 12:04:25.852  INFO 97247 --- [    Test worker] .b.t.c.SpringBootTestContextBootstrapper : Neither @ContextConfiguration nor @ContextHierarchy found for test class [com.security.dynamic.web.PostsApiControllerTest], using SpringBootContextLoader
2022-05-18 12:04:25.853  INFO 97247 --- [    Test worker] o.s.t.c.support.AbstractContextLoader    : Could not detect default resource locations for test class [com.security.dynamic.web.PostsApiControllerTest]: no resource found for suffixes {-context.xml, Context.groovy}.
2022-05-18 12:04:25.853  INFO 97247 --- [    Test worker] t.c.s.AnnotationConfigContextLoaderUtils : Could not detect default configuration classes for test class [com.security.dynamic.web.PostsApiControllerTest]: PostsApiControllerTest does not declare any static, non-private, non-final, nested classes annotated with @Configuration.
2022-05-18 12:04:25.853  INFO 97247 --- [    Test worker] .b.t.c.SpringBootTestContextBootstrapper : Found @SpringBootConfiguration com.security.dynamic.DynamicApplication for test class com.security.dynamic.web.PostsApiControllerTest
2022-05-18 12:04:25.854  INFO 97247 --- [    Test worker] .b.t.c.SpringBootTestContextBootstrapper : Loaded default TestExecutionListener class names from location [META-INF/spring.factories]: [org.springframework.security.test.context.support.WithSecurityContextTestExecutionListener, org.springframework.security.test.context.support.ReactorContextTestExecutionListener, org.springframework.boot.test.autoconfigure.restdocs.RestDocsTestExecutionListener, org.springframework.boot.test.autoconfigure.web.client.MockRestServiceServerResetTestExecutionListener, org.springframework.boot.test.autoconfigure.web.servlet.MockMvcPrintOnlyOnFailureTestExecutionListener, org.springframework.boot.test.autoconfigure.web.servlet.WebDriverTestExecutionListener, org.springframework.boot.test.autoconfigure.webservices.client.MockWebServiceServerTestExecutionListener, org.springframework.boot.test.mock.mockito.MockitoTestExecutionListener, org.springframework.boot.test.mock.mockito.ResetMocksTestExecutionListener, org.springframework.test.context.web.ServletTestExecutionListener, org.springframework.test.context.support.DirtiesContextBeforeModesTestExecutionListener, org.springframework.test.context.event.ApplicationEventsTestExecutionListener, org.springframework.test.context.support.DependencyInjectionTestExecutionListener, org.springframework.test.context.support.DirtiesContextTestExecutionListener, org.springframework.test.context.transaction.TransactionalTestExecutionListener, org.springframework.test.context.jdbc.SqlScriptsTestExecutionListener, org.springframework.test.context.event.EventPublishingTestExecutionListener]
2022-05-18 12:04:25.854  INFO 97247 --- [    Test worker] .b.t.c.SpringBootTestContextBootstrapper : Using TestExecutionListeners: [org.springframework.test.context.web.ServletTestExecutionListener@7602c65d, org.springframework.test.context.support.DirtiesContextBeforeModesTestExecutionListener@5a5c2889, org.springframework.test.context.event.ApplicationEventsTestExecutionListener@7668f8fd, org.springframework.boot.test.mock.mockito.MockitoTestExecutionListener@75566f4, org.springframework.boot.test.autoconfigure.SpringBootDependencyInjectionTestExecutionListener@6785786d, org.springframework.test.context.support.DirtiesContextTestExecutionListener@5c261c74, org.springframework.test.context.transaction.TransactionalTestExecutionListener@6d38a81d, org.springframework.test.context.jdbc.SqlScriptsTestExecutionListener@41f61188, org.springframework.security.test.context.support.WithSecurityContextTestExecutionListener@d7c4fcb, org.springframework.test.context.event.EventPublishingTestExecutionListener@61d527ac, org.springframework.security.test.context.support.ReactorContextTestExecutionListener@498503cb, org.springframework.boot.test.autoconfigure.restdocs.RestDocsTestExecutionListener@380e3122, org.springframework.boot.test.autoconfigure.web.client.MockRestServiceServerResetTestExecutionListener@576323ff, org.springframework.boot.test.autoconfigure.web.servlet.MockMvcPrintOnlyOnFailureTestExecutionListener@1fc386f8, org.springframework.boot.test.autoconfigure.web.servlet.WebDriverTestExecutionListener@7eb94590, org.springframework.boot.test.autoconfigure.webservices.client.MockWebServiceServerTestExecutionListener@3777fc44, org.springframework.boot.test.mock.mockito.ResetMocksTestExecutionListener@79454d8e]

  .   ____          _            __ _ _
 /\\ / ___'_ __ _ _(_)_ __  __ _ \ \ \ \
( ( )\___ | '_ | '_| | '_ \/ _` | \ \ \ \
 \\/  ___)| |_)| | | | | || (_| |  ) ) ) )
  '  |____| .__|_| |_|_| |_\__, | / / / /
 =========|_|==============|___/=/_/_/_/
 :: Spring Boot ::                (v2.6.7)

2022-05-18 12:04:25.872  INFO 97247 --- [    Test worker] c.s.dynamic.web.PostsApiControllerTest   : Starting PostsApiControllerTest using Java 1.8.0_322 on KANGHOONui-MacBookPro.local with PID 97247 (started by kanghoonyi in /Users/kanghoonyi/git/dynamic)
2022-05-18 12:04:25.873  INFO 97247 --- [    Test worker] c.s.dynamic.web.PostsApiControllerTest   : The following 1 profile is active: "oauth"
2022-05-18 12:04:25.961  INFO 97247 --- [    Test worker] .s.d.r.c.RepositoryConfigurationDelegate : Bootstrapping Spring Data JPA repositories in DEFAULT mode.
2022-05-18 12:04:25.966  INFO 97247 --- [    Test worker] .s.d.r.c.RepositoryConfigurationDelegate : Finished Spring Data repository scanning in 4 ms. Found 2 JPA repository interfaces.
2022-05-18 12:04:25.986  INFO 97247 --- [    Test worker] o.s.cloud.context.scope.GenericScope     : BeanFactory id=4dcf0728-06f1-312d-b39a-53b1ba6b066a
2022-05-18 12:04:26.115  INFO 97247 --- [    Test worker] o.s.b.w.embedded.tomcat.TomcatWebServer  : Tomcat initialized with port(s): 0 (http)
2022-05-18 12:04:26.121  INFO 97247 --- [    Test worker] o.apache.catalina.core.StandardService   : Starting service [Tomcat]
2022-05-18 12:04:26.122  INFO 97247 --- [    Test worker] org.apache.catalina.core.StandardEngine  : Starting Servlet engine: [Apache Tomcat/9.0.62]
2022-05-18 12:04:26.179  INFO 97247 --- [    Test worker] o.a.c.c.C.[Tomcat].[localhost].[/]       : Initializing Spring embedded WebApplicationContext
2022-05-18 12:04:26.179  INFO 97247 --- [    Test worker] w.s.c.ServletWebServerApplicationContext : Root WebApplicationContext: initialization completed in 306 ms
2022-05-18 12:04:26.192  INFO 97247 --- [    Test worker] com.zaxxer.hikari.HikariDataSource       : HikariPool-2 - Starting...
2022-05-18 12:04:26.193  INFO 97247 --- [    Test worker] com.zaxxer.hikari.HikariDataSource       : HikariPool-2 - Start completed.
2022-05-18 12:04:26.193  INFO 97247 --- [    Test worker] o.s.b.a.h2.H2ConsoleAutoConfiguration    : H2 console available at '/h2-console'. Database available at 'jdbc:h2:mem:testdb'
2022-05-18 12:04:26.252  INFO 97247 --- [    Test worker] o.hibernate.jpa.internal.util.LogHelper  : HHH000204: Processing PersistenceUnitInfo [name: default]
2022-05-18 12:04:26.254  INFO 97247 --- [    Test worker] org.hibernate.dialect.Dialect            : HHH000400: Using dialect: org.hibernate.dialect.MySQL57Dialect
Hibernate: drop table if exists posts
Hibernate: drop table if exists user
Hibernate: create table posts (id bigint not null auto_increment, created_date datetime(6), modified_date datetime(6), author varchar(255), content TEXT not null, title varchar(500) not null, primary key (id)) engine=InnoDB
Hibernate: create table user (id bigint not null auto_increment, created_date datetime(6), modified_date datetime(6), email varchar(255) not null, name varchar(255) not null, picture varchar(255), role varchar(255) not null, primary key (id)) engine=InnoDB
2022-05-18 12:04:26.284  INFO 97247 --- [    Test worker] o.h.e.t.j.p.i.JtaPlatformInitiator       : HHH000490: Using JtaPlatform implementation: [org.hibernate.engine.transaction.jta.platform.internal.NoJtaPlatform]
2022-05-18 12:04:26.285  INFO 97247 --- [    Test worker] j.LocalContainerEntityManagerFactoryBean : Initialized JPA EntityManagerFactory for persistence unit 'default'
2022-05-18 12:04:26.380  WARN 97247 --- [    Test worker] JpaBaseConfiguration$JpaWebConfiguration : spring.jpa.open-in-view is enabled by default. Therefore, database queries may be performed during view rendering. Explicitly configure spring.jpa.open-in-view to disable this warning
2022-05-18 12:04:26.464  INFO 97247 --- [    Test worker] o.s.s.web.DefaultSecurityFilterChain     : Will secure any request with [org.springframework.security.web.context.request.async.WebAsyncManagerIntegrationFilter@729de0e1, org.springframework.security.web.context.SecurityContextPersistenceFilter@5cd2adc7, org.springframework.security.web.header.HeaderWriterFilter@e60c466, org.springframework.security.web.authentication.logout.LogoutFilter@753c7411, org.springframework.security.oauth2.client.web.OAuth2AuthorizationRequestRedirectFilter@3c577368, org.springframework.security.oauth2.client.web.OAuth2LoginAuthenticationFilter@57c7ec30, org.springframework.security.web.authentication.ui.DefaultLoginPageGeneratingFilter@27caa186, org.springframework.security.web.authentication.ui.DefaultLogoutPageGeneratingFilter@2c8c42c, org.springframework.security.web.savedrequest.RequestCacheAwareFilter@3df4cd96, org.springframework.security.web.servletapi.SecurityContextHolderAwareRequestFilter@35bf6dba, org.springframework.security.web.authentication.AnonymousAuthenticationFilter@5032b2e, org.springframework.security.web.session.SessionManagementFilter@620e0d36, org.springframework.security.web.access.ExceptionTranslationFilter@45649467, org.springframework.security.web.access.intercept.FilterSecurityInterceptor@38991781]
2022-05-18 12:04:26.525  INFO 97247 --- [    Test worker] o.s.b.a.w.s.WelcomePageHandlerMapping    : Adding welcome page template: index
2022-05-18 12:04:26.712  INFO 97247 --- [    Test worker] o.s.b.w.embedded.tomcat.TomcatWebServer  : Tomcat started on port(s): 56227 (http) with context path ''
2022-05-18 12:04:26.716  INFO 97247 --- [    Test worker] s.a.ScheduledAnnotationBeanPostProcessor : No TaskScheduler/ScheduledExecutorService bean found for scheduled processing
2022-05-18 12:04:26.717  INFO 97247 --- [    Test worker] c.s.dynamic.web.PostsApiControllerTest   : Started PostsApiControllerTest in 0.861 seconds (JVM running for 4.922)
2022-05-18 12:04:26.721  INFO 97247 --- [    Test worker] o.a.c.c.C.[Tomcat].[localhost].[/]       : Initializing Spring TestDispatcherServlet ''
2022-05-18 12:04:26.721  INFO 97247 --- [    Test worker] o.s.t.web.servlet.TestDispatcherServlet  : Initializing Servlet ''
2022-05-18 12:04:26.722  INFO 97247 --- [    Test worker] o.s.t.web.servlet.TestDispatcherServlet  : Completed initialization in 1 ms
Hibernate: insert into posts (created_date, modified_date, author, content, title) values (?, ?, ?, ?, ?)
Hibernate: select posts0_.id as id1_0_0_, posts0_.created_date as created_2_0_0_, posts0_.modified_date as modified3_0_0_, posts0_.author as author4_0_0_, posts0_.content as content5_0_0_, posts0_.title as title6_0_0_ from posts posts0_ where posts0_.id=?
Hibernate: update posts set created_date=?, modified_date=?, author=?, content=?, title=? where id=?
Hibernate: select posts0_.id as id1_0_, posts0_.created_date as created_2_0_, posts0_.modified_date as modified3_0_, posts0_.author as author4_0_, posts0_.content as content5_0_, posts0_.title as title6_0_ from posts posts0_
Hibernate: select posts0_.id as id1_0_, posts0_.created_date as created_2_0_, posts0_.modified_date as modified3_0_, posts0_.author as author4_0_, posts0_.content as content5_0_, posts0_.title as title6_0_ from posts posts0_
Hibernate: delete from posts where id=?
2022-05-18 12:04:26.765  INFO 97247 --- [    Test worker] o.a.c.c.C.[Tomcat].[localhost].[/]       : Initializing Spring TestDispatcherServlet ''
2022-05-18 12:04:26.765  INFO 97247 --- [    Test worker] o.s.t.web.servlet.TestDispatcherServlet  : Initializing Servlet ''
2022-05-18 12:04:26.766  INFO 97247 --- [    Test worker] o.s.t.web.servlet.TestDispatcherServlet  : Completed initialization in 1 ms
Hibernate: insert into posts (created_date, modified_date, author, content, title) values (?, ?, ?, ?, ?)
Hibernate: select posts0_.id as id1_0_, posts0_.created_date as created_2_0_, posts0_.modified_date as modified3_0_, posts0_.author as author4_0_, posts0_.content as content5_0_, posts0_.title as title6_0_ from posts posts0_
Hibernate: select posts0_.id as id1_0_, posts0_.created_date as created_2_0_, posts0_.modified_date as modified3_0_, posts0_.author as author4_0_, posts0_.content as content5_0_, posts0_.title as title6_0_ from posts posts0_
Hibernate: delete from posts where id=?
]]></system-out>
  <system-err><![CDATA[]]></system-err>
</testsuite>
