<?xml version="1.0" encoding="UTF-8"?>
<testsuite name="com.security.dynamic.DynamicApplicationTests" tests="1" skipped="0" failures="0" errors="0" timestamp="2022-05-18T12:15:20" hostname="KANGHOONui-MacBookPro.local" time="0.042">
  <properties/>
  <testcase name="contextLoads()" classname="com.security.dynamic.DynamicApplicationTests" time="0.042"/>
  <system-out><![CDATA[21:15:17.208 [Test worker] DEBUG org.springframework.test.context.BootstrapUtils - Instantiating CacheAwareContextLoaderDelegate from class [org.springframework.test.context.cache.DefaultCacheAwareContextLoaderDelegate]
21:15:17.213 [Test worker] DEBUG org.springframework.test.context.BootstrapUtils - Instantiating BootstrapContext using constructor [public org.springframework.test.context.support.DefaultBootstrapContext(java.lang.Class,org.springframework.test.context.CacheAwareContextLoaderDelegate)]
21:15:17.231 [Test worker] DEBUG org.springframework.test.context.BootstrapUtils - Instantiating TestContextBootstrapper for test class [com.security.dynamic.DynamicApplicationTests] from class [org.springframework.boot.test.context.SpringBootTestContextBootstrapper]
21:15:17.237 [Test worker] INFO org.springframework.boot.test.context.SpringBootTestContextBootstrapper - Neither @ContextConfiguration nor @ContextHierarchy found for test class [com.security.dynamic.DynamicApplicationTests], using SpringBootContextLoader
21:15:17.239 [Test worker] DEBUG org.springframework.test.context.support.AbstractContextLoader - Did not detect default resource location for test class [com.security.dynamic.DynamicApplicationTests]: class path resource [com/security/dynamic/DynamicApplicationTests-context.xml] does not exist
21:15:17.240 [Test worker] DEBUG org.springframework.test.context.support.AbstractContextLoader - Did not detect default resource location for test class [com.security.dynamic.DynamicApplicationTests]: class path resource [com/security/dynamic/DynamicApplicationTestsContext.groovy] does not exist
21:15:17.240 [Test worker] INFO org.springframework.test.context.support.AbstractContextLoader - Could not detect default resource locations for test class [com.security.dynamic.DynamicApplicationTests]: no resource found for suffixes {-context.xml, Context.groovy}.
21:15:17.240 [Test worker] INFO org.springframework.test.context.support.AnnotationConfigContextLoaderUtils - Could not detect default configuration classes for test class [com.security.dynamic.DynamicApplicationTests]: DynamicApplicationTests does not declare any static, non-private, non-final, nested classes annotated with @Configuration.
21:15:17.261 [Test worker] DEBUG org.springframework.test.context.support.ActiveProfilesUtils - Could not find an 'annotation declaring class' for annotation type [org.springframework.test.context.ActiveProfiles] and class [com.security.dynamic.DynamicApplicationTests]
21:15:17.288 [Test worker] DEBUG org.springframework.context.annotation.ClassPathScanningCandidateComponentProvider - Identified candidate component class: file [/Users/kanghoonyi/git/dynamic/build/classes/java/main/com/security/dynamic/DynamicApplication.class]
21:15:17.289 [Test worker] INFO org.springframework.boot.test.context.SpringBootTestContextBootstrapper - Found @SpringBootConfiguration com.security.dynamic.DynamicApplication for test class com.security.dynamic.DynamicApplicationTests
21:15:17.333 [Test worker] DEBUG org.springframework.boot.test.context.SpringBootTestContextBootstrapper - @TestExecutionListeners is not present for class [com.security.dynamic.DynamicApplicationTests]: using defaults.
21:15:17.333 [Test worker] INFO org.springframework.boot.test.context.SpringBootTestContextBootstrapper - Loaded default TestExecutionListener class names from location [META-INF/spring.factories]: [org.springframework.security.test.context.support.WithSecurityContextTestExecutionListener, org.springframework.security.test.context.support.ReactorContextTestExecutionListener, org.springframework.boot.test.autoconfigure.restdocs.RestDocsTestExecutionListener, org.springframework.boot.test.autoconfigure.web.client.MockRestServiceServerResetTestExecutionListener, org.springframework.boot.test.autoconfigure.web.servlet.MockMvcPrintOnlyOnFailureTestExecutionListener, org.springframework.boot.test.autoconfigure.web.servlet.WebDriverTestExecutionListener, org.springframework.boot.test.autoconfigure.webservices.client.MockWebServiceServerTestExecutionListener, org.springframework.boot.test.mock.mockito.MockitoTestExecutionListener, org.springframework.boot.test.mock.mockito.ResetMocksTestExecutionListener, org.springframework.test.context.web.ServletTestExecutionListener, org.springframework.test.context.support.DirtiesContextBeforeModesTestExecutionListener, org.springframework.test.context.event.ApplicationEventsTestExecutionListener, org.springframework.test.context.support.DependencyInjectionTestExecutionListener, org.springframework.test.context.support.DirtiesContextTestExecutionListener, org.springframework.test.context.transaction.TransactionalTestExecutionListener, org.springframework.test.context.jdbc.SqlScriptsTestExecutionListener, org.springframework.test.context.event.EventPublishingTestExecutionListener]
21:15:17.343 [Test worker] INFO org.springframework.boot.test.context.SpringBootTestContextBootstrapper - Using TestExecutionListeners: [org.springframework.test.context.web.ServletTestExecutionListener@2ea6e30c, org.springframework.test.context.support.DirtiesContextBeforeModesTestExecutionListener@6138e79a, org.springframework.test.context.event.ApplicationEventsTestExecutionListener@2dcd168a, org.springframework.boot.test.mock.mockito.MockitoTestExecutionListener@388526fb, org.springframework.boot.test.autoconfigure.SpringBootDependencyInjectionTestExecutionListener@21a21c64, org.springframework.test.context.support.DirtiesContextTestExecutionListener@7803bfd, org.springframework.test.context.transaction.TransactionalTestExecutionListener@42bc14c1, org.springframework.test.context.jdbc.SqlScriptsTestExecutionListener@531f4093, org.springframework.security.test.context.support.WithSecurityContextTestExecutionListener@62ef27a8, org.springframework.test.context.event.EventPublishingTestExecutionListener@6436a7db, org.springframework.security.test.context.support.ReactorContextTestExecutionListener@460ebd80, org.springframework.boot.test.autoconfigure.restdocs.RestDocsTestExecutionListener@6f3c660a, org.springframework.boot.test.autoconfigure.web.client.MockRestServiceServerResetTestExecutionListener@74f5ce22, org.springframework.boot.test.autoconfigure.web.servlet.MockMvcPrintOnlyOnFailureTestExecutionListener@25aca718, org.springframework.boot.test.autoconfigure.web.servlet.WebDriverTestExecutionListener@16fdec90, org.springframework.boot.test.autoconfigure.webservices.client.MockWebServiceServerTestExecutionListener@1afdd473, org.springframework.boot.test.mock.mockito.ResetMocksTestExecutionListener@40238dd0]
21:15:17.345 [Test worker] DEBUG org.springframework.test.context.support.AbstractDirtiesContextTestExecutionListener - Before test class: context [DefaultTestContext@77825085 testClass = DynamicApplicationTests, testInstance = [null], testMethod = [null], testException = [null], mergedContextConfiguration = [WebMergedContextConfiguration@3568f9d2 testClass = DynamicApplicationTests, locations = '{}', classes = '{class com.security.dynamic.DynamicApplication}', contextInitializerClasses = '[]', activeProfiles = '{}', propertySourceLocations = '{}', propertySourceProperties = '{org.springframework.boot.test.context.SpringBootTestContextBootstrapper=true}', contextCustomizers = set[org.springframework.boot.test.autoconfigure.actuate.metrics.MetricsExportContextCustomizerFactory$DisableMetricExportContextCustomizer@782859e, org.springframework.boot.test.autoconfigure.properties.PropertyMappingContextCustomizer@0, org.springframework.boot.test.autoconfigure.web.servlet.WebDriverContextCustomizerFactory$Customizer@126253fd, org.springframework.boot.test.context.filter.ExcludeFilterContextCustomizer@5c86a017, org.springframework.boot.test.json.DuplicateJsonObjectContextCustomizerFactory$DuplicateJsonObjectContextCustomizer@71687585, org.springframework.boot.test.mock.mockito.MockitoContextCustomizer@0, org.springframework.boot.test.web.client.TestRestTemplateContextCustomizer@41330d4f, org.springframework.boot.test.context.SpringBootTestArgs@1, org.springframework.boot.test.context.SpringBootTestWebEnvironment@96def03], resourceBasePath = 'src/main/webapp', contextLoader = 'org.springframework.boot.test.context.SpringBootContextLoader', parent = [null]], attributes = map['org.springframework.test.context.web.ServletTestExecutionListener.activateListener' -> true]], class annotated with @DirtiesContext [false] with mode [null].

  .   ____          _            __ _ _
 /\\ / ___'_ __ _ _(_)_ __  __ _ \ \ \ \
( ( )\___ | '_ | '_| | '_ \/ _` | \ \ \ \
 \\/  ___)| |_)| | | | | || (_| |  ) ) ) )
  '  |____| .__|_| |_|_| |_\__, | / / / /
 =========|_|==============|___/=/_/_/_/
 :: Spring Boot ::                (v2.6.7)

2022-05-18 21:15:17.539  INFO 106 --- [    Test worker] c.s.dynamic.DynamicApplicationTests      : Starting DynamicApplicationTests using Java 1.8.0_322 on KANGHOONui-MacBookPro.local with PID 106 (started by kanghoonyi in /Users/kanghoonyi/git/dynamic)
2022-05-18 21:15:17.540  INFO 106 --- [    Test worker] c.s.dynamic.DynamicApplicationTests      : The following 1 profile is active: "oauth"
2022-05-18 21:15:17.982  INFO 106 --- [    Test worker] .s.d.r.c.RepositoryConfigurationDelegate : Bootstrapping Spring Data JPA repositories in DEFAULT mode.
2022-05-18 21:15:18.051  INFO 106 --- [    Test worker] .s.d.r.c.RepositoryConfigurationDelegate : Finished Spring Data repository scanning in 65 ms. Found 2 JPA repository interfaces.
2022-05-18 21:15:18.191  INFO 106 --- [    Test worker] o.s.cloud.context.scope.GenericScope     : BeanFactory id=fe7acbec-c83c-313d-be75-464fa4ed99e1
2022-05-18 21:15:18.368  INFO 106 --- [    Test worker] com.zaxxer.hikari.HikariDataSource       : HikariPool-1 - Starting...
2022-05-18 21:15:18.455  INFO 106 --- [    Test worker] com.zaxxer.hikari.HikariDataSource       : HikariPool-1 - Start completed.
2022-05-18 21:15:18.535  INFO 106 --- [    Test worker] o.hibernate.jpa.internal.util.LogHelper  : HHH000204: Processing PersistenceUnitInfo [name: default]
2022-05-18 21:15:18.565  INFO 106 --- [    Test worker] org.hibernate.Version                    : HHH000412: Hibernate ORM core version 5.6.8.Final
2022-05-18 21:15:18.661  INFO 106 --- [    Test worker] o.hibernate.annotations.common.Version   : HCANN000001: Hibernate Commons Annotations {5.1.2.Final}
2022-05-18 21:15:18.719  INFO 106 --- [    Test worker] org.hibernate.dialect.Dialect            : HHH000400: Using dialect: org.hibernate.dialect.MySQL57Dialect
Hibernate: drop table if exists posts
Hibernate: drop table if exists user
Hibernate: create table posts (id bigint not null auto_increment, created_date datetime(6), modified_date datetime(6), author varchar(255), content TEXT not null, title varchar(500) not null, primary key (id)) engine=InnoDB
Hibernate: create table user (id bigint not null auto_increment, created_date datetime(6), modified_date datetime(6), email varchar(255) not null, name varchar(255) not null, picture varchar(255), role varchar(255) not null, primary key (id)) engine=InnoDB
2022-05-18 21:15:19.046  INFO 106 --- [    Test worker] o.h.e.t.j.p.i.JtaPlatformInitiator       : HHH000490: Using JtaPlatform implementation: [org.hibernate.engine.transaction.jta.platform.internal.NoJtaPlatform]
2022-05-18 21:15:19.050  INFO 106 --- [    Test worker] j.LocalContainerEntityManagerFactoryBean : Initialized JPA EntityManagerFactory for persistence unit 'default'
2022-05-18 21:15:19.360  WARN 106 --- [    Test worker] JpaBaseConfiguration$JpaWebConfiguration : spring.jpa.open-in-view is enabled by default. Therefore, database queries may be performed during view rendering. Explicitly configure spring.jpa.open-in-view to disable this warning
2022-05-18 21:15:19.610  INFO 106 --- [    Test worker] o.s.s.web.DefaultSecurityFilterChain     : Will secure any request with [org.springframework.security.web.context.request.async.WebAsyncManagerIntegrationFilter@1cab19e2, org.springframework.security.web.context.SecurityContextPersistenceFilter@7296fe0b, org.springframework.security.web.header.HeaderWriterFilter@1c610f, org.springframework.security.web.authentication.logout.LogoutFilter@6ff8e744, org.springframework.security.oauth2.client.web.OAuth2AuthorizationRequestRedirectFilter@627d35ff, org.springframework.security.oauth2.client.web.OAuth2LoginAuthenticationFilter@24d7657b, org.springframework.security.web.authentication.ui.DefaultLoginPageGeneratingFilter@7b795db7, org.springframework.security.web.authentication.ui.DefaultLogoutPageGeneratingFilter@6879e983, org.springframework.security.web.savedrequest.RequestCacheAwareFilter@578d472a, org.springframework.security.web.servletapi.SecurityContextHolderAwareRequestFilter@2095c331, org.springframework.security.web.authentication.AnonymousAuthenticationFilter@196d684b, org.springframework.security.web.session.SessionManagementFilter@5abc5854, org.springframework.security.web.access.ExceptionTranslationFilter@3d7b3b18, org.springframework.security.web.access.intercept.FilterSecurityInterceptor@4b22214d]
2022-05-18 21:15:19.849  INFO 106 --- [    Test worker] o.s.b.a.h2.H2ConsoleAutoConfiguration    : H2 console available at '/h2-console'. Database available at 'jdbc:h2:mem:testdb'
2022-05-18 21:15:19.886  INFO 106 --- [    Test worker] o.s.b.a.w.s.WelcomePageHandlerMapping    : Adding welcome page template: index
2022-05-18 21:15:20.117  INFO 106 --- [    Test worker] s.a.ScheduledAnnotationBeanPostProcessor : No TaskScheduler/ScheduledExecutorService bean found for scheduled processing
2022-05-18 21:15:20.123  INFO 106 --- [    Test worker] c.s.dynamic.DynamicApplicationTests      : Started DynamicApplicationTests in 2.756 seconds (JVM running for 3.317)
]]></system-out>
  <system-err><![CDATA[]]></system-err>
</testsuite>
