<?xml version="1.0" encoding="UTF-8"?>
<testsuite name="com.security.dynamic.web.HelloControllerTest" tests="2" skipped="0" failures="0" errors="0" timestamp="2022-05-18T12:27:33" hostname="KANGHOONui-MacBookPro.local" time="0.078">
  <properties/>
  <testcase name="returnToHelloDto()" classname="com.security.dynamic.web.HelloControllerTest" time="0.074"/>
  <testcase name="returnToHello()" classname="com.security.dynamic.web.HelloControllerTest" time="0.004"/>
  <system-out><![CDATA[2022-05-18 21:27:33.052  INFO 216 --- [    Test worker] .b.t.a.w.s.WebMvcTestContextBootstrapper : Neither @ContextConfiguration nor @ContextHierarchy found for test class [com.security.dynamic.web.HelloControllerTest], using SpringBootContextLoader
2022-05-18 21:27:33.053  INFO 216 --- [    Test worker] o.s.t.c.support.AbstractContextLoader    : Could not detect default resource locations for test class [com.security.dynamic.web.HelloControllerTest]: no resource found for suffixes {-context.xml, Context.groovy}.
2022-05-18 21:27:33.053  INFO 216 --- [    Test worker] t.c.s.AnnotationConfigContextLoaderUtils : Could not detect default configuration classes for test class [com.security.dynamic.web.HelloControllerTest]: HelloControllerTest does not declare any static, non-private, non-final, nested classes annotated with @Configuration.
2022-05-18 21:27:33.062  INFO 216 --- [    Test worker] .b.t.c.SpringBootTestContextBootstrapper : Found @SpringBootConfiguration com.security.dynamic.DynamicApplication for test class com.security.dynamic.web.HelloControllerTest
2022-05-18 21:27:33.062  INFO 216 --- [    Test worker] .b.t.a.w.s.WebMvcTestContextBootstrapper : Loaded default TestExecutionListener class names from location [META-INF/spring.factories]: [org.springframework.security.test.context.support.WithSecurityContextTestExecutionListener, org.springframework.security.test.context.support.ReactorContextTestExecutionListener, org.springframework.boot.test.autoconfigure.restdocs.RestDocsTestExecutionListener, org.springframework.boot.test.autoconfigure.web.client.MockRestServiceServerResetTestExecutionListener, org.springframework.boot.test.autoconfigure.web.servlet.MockMvcPrintOnlyOnFailureTestExecutionListener, org.springframework.boot.test.autoconfigure.web.servlet.WebDriverTestExecutionListener, org.springframework.boot.test.autoconfigure.webservices.client.MockWebServiceServerTestExecutionListener, org.springframework.boot.test.mock.mockito.MockitoTestExecutionListener, org.springframework.boot.test.mock.mockito.ResetMocksTestExecutionListener, org.springframework.test.context.web.ServletTestExecutionListener, org.springframework.test.context.support.DirtiesContextBeforeModesTestExecutionListener, org.springframework.test.context.event.ApplicationEventsTestExecutionListener, org.springframework.test.context.support.DependencyInjectionTestExecutionListener, org.springframework.test.context.support.DirtiesContextTestExecutionListener, org.springframework.test.context.transaction.TransactionalTestExecutionListener, org.springframework.test.context.jdbc.SqlScriptsTestExecutionListener, org.springframework.test.context.event.EventPublishingTestExecutionListener]
2022-05-18 21:27:33.062  INFO 216 --- [    Test worker] .b.t.a.w.s.WebMvcTestContextBootstrapper : Using TestExecutionListeners: [org.springframework.test.context.web.ServletTestExecutionListener@31cd0efa, org.springframework.test.context.support.DirtiesContextBeforeModesTestExecutionListener@3294102e, org.springframework.test.context.event.ApplicationEventsTestExecutionListener@5a69b3cf, org.springframework.boot.test.mock.mockito.MockitoTestExecutionListener@7c460, org.springframework.boot.test.autoconfigure.SpringBootDependencyInjectionTestExecutionListener@59e4a044, org.springframework.test.context.support.DirtiesContextTestExecutionListener@4be3de36, org.springframework.test.context.transaction.TransactionalTestExecutionListener@5c03eb4e, org.springframework.test.context.jdbc.SqlScriptsTestExecutionListener@6219006a, org.springframework.security.test.context.support.WithSecurityContextTestExecutionListener@1e836aed, org.springframework.test.context.event.EventPublishingTestExecutionListener@4bc41565, org.springframework.security.test.context.support.ReactorContextTestExecutionListener@8dedec8, org.springframework.boot.test.autoconfigure.restdocs.RestDocsTestExecutionListener@226e95e9, org.springframework.boot.test.autoconfigure.web.client.MockRestServiceServerResetTestExecutionListener@27bf574b, org.springframework.boot.test.autoconfigure.web.servlet.MockMvcPrintOnlyOnFailureTestExecutionListener@4cbb11e4, org.springframework.boot.test.autoconfigure.web.servlet.WebDriverTestExecutionListener@326dbe25, org.springframework.boot.test.autoconfigure.webservices.client.MockWebServiceServerTestExecutionListener@647aa45c, org.springframework.boot.test.mock.mockito.ResetMocksTestExecutionListener@3922b297]

  .   ____          _            __ _ _
 /\\ / ___'_ __ _ _(_)_ __  __ _ \ \ \ \
( ( )\___ | '_ | '_| | '_ \/ _` | \ \ \ \
 \\/  ___)| |_)| | | | | || (_| |  ) ) ) )
  '  |____| .__|_| |_|_| |_\__, | / / / /
 =========|_|==============|___/=/_/_/_/
 :: Spring Boot ::                (v2.6.7)

2022-05-18 21:27:33.082  INFO 216 --- [    Test worker] c.s.dynamic.web.HelloControllerTest      : Starting HelloControllerTest using Java 1.8.0_322 on KANGHOONui-MacBookPro.local with PID 216 (started by kanghoonyi in /Users/kanghoonyi/git/dynamic)
2022-05-18 21:27:33.082  INFO 216 --- [    Test worker] c.s.dynamic.web.HelloControllerTest      : The following 1 profile is active: "oauth"
2022-05-18 21:27:33.255  INFO 216 --- [    Test worker] o.s.b.a.w.s.WelcomePageHandlerMapping    : Adding welcome page template: index
2022-05-18 21:27:33.371  INFO 216 --- [    Test worker] o.s.s.web.DefaultSecurityFilterChain     : Will secure any request with [org.springframework.security.web.context.request.async.WebAsyncManagerIntegrationFilter@1791396b, org.springframework.security.web.context.SecurityContextPersistenceFilter@1b82f62a, org.springframework.security.web.header.HeaderWriterFilter@56820446, org.springframework.security.web.csrf.CsrfFilter@44e0c3d, org.springframework.security.web.authentication.logout.LogoutFilter@36c45149, org.springframework.security.oauth2.client.web.OAuth2AuthorizationRequestRedirectFilter@40416321, org.springframework.security.oauth2.client.web.OAuth2AuthorizationRequestRedirectFilter@289cf7db, org.springframework.security.oauth2.client.web.OAuth2LoginAuthenticationFilter@3ab70d34, org.springframework.security.web.authentication.ui.DefaultLoginPageGeneratingFilter@4d9bccfe, org.springframework.security.web.authentication.ui.DefaultLogoutPageGeneratingFilter@28d7bd6b, org.springframework.security.web.savedrequest.RequestCacheAwareFilter@67e21ea2, org.springframework.security.web.servletapi.SecurityContextHolderAwareRequestFilter@2184962c, org.springframework.security.web.authentication.AnonymousAuthenticationFilter@7607340f, org.springframework.security.oauth2.client.web.OAuth2AuthorizationCodeGrantFilter@351d726c, org.springframework.security.web.session.SessionManagementFilter@2259d54f, org.springframework.security.web.access.ExceptionTranslationFilter@5ce41f1f, org.springframework.security.web.access.intercept.FilterSecurityInterceptor@57806346]
2022-05-18 21:27:33.415  INFO 216 --- [    Test worker] o.s.b.t.m.w.SpringBootMockServletContext : Initializing Spring TestDispatcherServlet ''
2022-05-18 21:27:33.415  INFO 216 --- [    Test worker] o.s.t.web.servlet.TestDispatcherServlet  : Initializing Servlet ''
2022-05-18 21:27:33.416  INFO 216 --- [    Test worker] o.s.t.web.servlet.TestDispatcherServlet  : Completed initialization in 1 ms
2022-05-18 21:27:33.424  INFO 216 --- [    Test worker] c.s.dynamic.web.HelloControllerTest      : Started HelloControllerTest in 0.36 seconds (JVM running for 4.209)
]]></system-out>
  <system-err><![CDATA[]]></system-err>
</testsuite>
