<?xml version="1.0" encoding="UTF-8"?>
<testsuite name="com.security.dynamic.domain.posts.PostsRepositoryTest" tests="2" skipped="0" failures="0" errors="0" timestamp="2022-05-18T12:27:32" hostname="KANGHOONui-MacBookPro.local" time="0.11">
  <properties/>
  <testcase name="save_BaseTimeEntity()" classname="com.security.dynamic.domain.posts.PostsRepositoryTest" time="0.101"/>
  <testcase name="getSavedPosts()" classname="com.security.dynamic.domain.posts.PostsRepositoryTest" time="0.009"/>
  <system-out><![CDATA[2022-05-18 21:27:32.931  INFO 216 --- [    Test worker] .b.t.c.SpringBootTestContextBootstrapper : Neither @ContextConfiguration nor @ContextHierarchy found for test class [com.security.dynamic.domain.posts.PostsRepositoryTest], using SpringBootContextLoader
2022-05-18 21:27:32.932  INFO 216 --- [    Test worker] o.s.t.c.support.AbstractContextLoader    : Could not detect default resource locations for test class [com.security.dynamic.domain.posts.PostsRepositoryTest]: no resource found for suffixes {-context.xml, Context.groovy}.
2022-05-18 21:27:32.932  INFO 216 --- [    Test worker] t.c.s.AnnotationConfigContextLoaderUtils : Could not detect default configuration classes for test class [com.security.dynamic.domain.posts.PostsRepositoryTest]: PostsRepositoryTest does not declare any static, non-private, non-final, nested classes annotated with @Configuration.
2022-05-18 21:27:32.934  INFO 216 --- [    Test worker] .b.t.c.SpringBootTestContextBootstrapper : Found @SpringBootConfiguration com.security.dynamic.DynamicApplication for test class com.security.dynamic.domain.posts.PostsRepositoryTest
2022-05-18 21:27:32.936  INFO 216 --- [    Test worker] .b.t.c.SpringBootTestContextBootstrapper : Loaded default TestExecutionListener class names from location [META-INF/spring.factories]: [org.springframework.security.test.context.support.WithSecurityContextTestExecutionListener, org.springframework.security.test.context.support.ReactorContextTestExecutionListener, org.springframework.boot.test.autoconfigure.restdocs.RestDocsTestExecutionListener, org.springframework.boot.test.autoconfigure.web.client.MockRestServiceServerResetTestExecutionListener, org.springframework.boot.test.autoconfigure.web.servlet.MockMvcPrintOnlyOnFailureTestExecutionListener, org.springframework.boot.test.autoconfigure.web.servlet.WebDriverTestExecutionListener, org.springframework.boot.test.autoconfigure.webservices.client.MockWebServiceServerTestExecutionListener, org.springframework.boot.test.mock.mockito.MockitoTestExecutionListener, org.springframework.boot.test.mock.mockito.ResetMocksTestExecutionListener, org.springframework.test.context.web.ServletTestExecutionListener, org.springframework.test.context.support.DirtiesContextBeforeModesTestExecutionListener, org.springframework.test.context.event.ApplicationEventsTestExecutionListener, org.springframework.test.context.support.DependencyInjectionTestExecutionListener, org.springframework.test.context.support.DirtiesContextTestExecutionListener, org.springframework.test.context.transaction.TransactionalTestExecutionListener, org.springframework.test.context.jdbc.SqlScriptsTestExecutionListener, org.springframework.test.context.event.EventPublishingTestExecutionListener]
2022-05-18 21:27:32.936  INFO 216 --- [    Test worker] .b.t.c.SpringBootTestContextBootstrapper : Using TestExecutionListeners: [org.springframework.test.context.web.ServletTestExecutionListener@4b9beefe, org.springframework.test.context.support.DirtiesContextBeforeModesTestExecutionListener@4cddc036, org.springframework.test.context.event.ApplicationEventsTestExecutionListener@23d12a3a, org.springframework.boot.test.mock.mockito.MockitoTestExecutionListener@70df41f9, org.springframework.boot.test.autoconfigure.SpringBootDependencyInjectionTestExecutionListener@64a7ad02, org.springframework.test.context.support.DirtiesContextTestExecutionListener@46590dd0, org.springframework.test.context.transaction.TransactionalTestExecutionListener@6c737fdb, org.springframework.test.context.jdbc.SqlScriptsTestExecutionListener@66a93b25, org.springframework.security.test.context.support.WithSecurityContextTestExecutionListener@3f3f554f, org.springframework.test.context.event.EventPublishingTestExecutionListener@3186f8f5, org.springframework.security.test.context.support.ReactorContextTestExecutionListener@467cd4b9, org.springframework.boot.test.autoconfigure.restdocs.RestDocsTestExecutionListener@69a3bf40, org.springframework.boot.test.autoconfigure.web.client.MockRestServiceServerResetTestExecutionListener@2c731a16, org.springframework.boot.test.autoconfigure.web.servlet.MockMvcPrintOnlyOnFailureTestExecutionListener@2a341e3d, org.springframework.boot.test.autoconfigure.web.servlet.WebDriverTestExecutionListener@a4dcede, org.springframework.boot.test.autoconfigure.webservices.client.MockWebServiceServerTestExecutionListener@7ee02968, org.springframework.boot.test.mock.mockito.ResetMocksTestExecutionListener@4a773f08]
Hibernate: insert into posts (created_date, modified_date, author, content, title) values (?, ?, ?, ?, ?)
Hibernate: select posts0_.id as id1_0_, posts0_.created_date as created_2_0_, posts0_.modified_date as modified3_0_, posts0_.author as author4_0_, posts0_.content as content5_0_, posts0_.title as title6_0_ from posts posts0_
>>>>>>>>> createdDate=2022-05-18T21:27:32.956, modifiedDate=2022-05-18T21:27:32.956, now=2022-05-10T00:00
Hibernate: select posts0_.id as id1_0_, posts0_.created_date as created_2_0_, posts0_.modified_date as modified3_0_, posts0_.author as author4_0_, posts0_.content as content5_0_, posts0_.title as title6_0_ from posts posts0_
Hibernate: delete from posts where id=?
Hibernate: insert into posts (created_date, modified_date, author, content, title) values (?, ?, ?, ?, ?)
Hibernate: select posts0_.id as id1_0_, posts0_.created_date as created_2_0_, posts0_.modified_date as modified3_0_, posts0_.author as author4_0_, posts0_.content as content5_0_, posts0_.title as title6_0_ from posts posts0_
Hibernate: select posts0_.id as id1_0_, posts0_.created_date as created_2_0_, posts0_.modified_date as modified3_0_, posts0_.author as author4_0_, posts0_.content as content5_0_, posts0_.title as title6_0_ from posts posts0_
Hibernate: delete from posts where id=?
]]></system-out>
  <system-err><![CDATA[]]></system-err>
</testsuite>
