<?xml version="1.0" encoding="UTF-8"?>
<testsuite name="com.security.dynamic.web.HelloControllerTest" tests="2" skipped="0" failures="0" errors="0" timestamp="2022-05-18T12:15:20" hostname="KANGHOONui-MacBookPro.local" time="0.088">
  <properties/>
  <testcase name="returnToHelloDto()" classname="com.security.dynamic.web.HelloControllerTest" time="0.083"/>
  <testcase name="returnToHello()" classname="com.security.dynamic.web.HelloControllerTest" time="0.005"/>
  <system-out><![CDATA[2022-05-18 21:15:20.307  INFO 106 --- [    Test worker] .b.t.a.w.s.WebMvcTestContextBootstrapper : Neither @ContextConfiguration nor @ContextHierarchy found for test class [com.security.dynamic.web.HelloControllerTest], using SpringBootContextLoader
2022-05-18 21:15:20.308  INFO 106 --- [    Test worker] o.s.t.c.support.AbstractContextLoader    : Could not detect default resource locations for test class [com.security.dynamic.web.HelloControllerTest]: no resource found for suffixes {-context.xml, Context.groovy}.
2022-05-18 21:15:20.308  INFO 106 --- [    Test worker] t.c.s.AnnotationConfigContextLoaderUtils : Could not detect default configuration classes for test class [com.security.dynamic.web.HelloControllerTest]: HelloControllerTest does not declare any static, non-private, non-final, nested classes annotated with @Configuration.
2022-05-18 21:15:20.317  INFO 106 --- [    Test worker] .b.t.c.SpringBootTestContextBootstrapper : Found @SpringBootConfiguration com.security.dynamic.DynamicApplication for test class com.security.dynamic.web.HelloControllerTest
2022-05-18 21:15:20.317  INFO 106 --- [    Test worker] .b.t.a.w.s.WebMvcTestContextBootstrapper : Loaded default TestExecutionListener class names from location [META-INF/spring.factories]: [org.springframework.security.test.context.support.WithSecurityContextTestExecutionListener, org.springframework.security.test.context.support.ReactorContextTestExecutionListener, org.springframework.boot.test.autoconfigure.restdocs.RestDocsTestExecutionListener, org.springframework.boot.test.autoconfigure.web.client.MockRestServiceServerResetTestExecutionListener, org.springframework.boot.test.autoconfigure.web.servlet.MockMvcPrintOnlyOnFailureTestExecutionListener, org.springframework.boot.test.autoconfigure.web.servlet.WebDriverTestExecutionListener, org.springframework.boot.test.autoconfigure.webservices.client.MockWebServiceServerTestExecutionListener, org.springframework.boot.test.mock.mockito.MockitoTestExecutionListener, org.springframework.boot.test.mock.mockito.ResetMocksTestExecutionListener, org.springframework.test.context.web.ServletTestExecutionListener, org.springframework.test.context.support.DirtiesContextBeforeModesTestExecutionListener, org.springframework.test.context.event.ApplicationEventsTestExecutionListener, org.springframework.test.context.support.DependencyInjectionTestExecutionListener, org.springframework.test.context.support.DirtiesContextTestExecutionListener, org.springframework.test.context.transaction.TransactionalTestExecutionListener, org.springframework.test.context.jdbc.SqlScriptsTestExecutionListener, org.springframework.test.context.event.EventPublishingTestExecutionListener]
2022-05-18 21:15:20.318  INFO 106 --- [    Test worker] .b.t.a.w.s.WebMvcTestContextBootstrapper : Using TestExecutionListeners: [org.springframework.test.context.web.ServletTestExecutionListener@2d02a066, org.springframework.test.context.support.DirtiesContextBeforeModesTestExecutionListener@72c1bf75, org.springframework.test.context.event.ApplicationEventsTestExecutionListener@43a8bd35, org.springframework.boot.test.mock.mockito.MockitoTestExecutionListener@6fb219dd, org.springframework.boot.test.autoconfigure.SpringBootDependencyInjectionTestExecutionListener@570b85dd, org.springframework.test.context.support.DirtiesContextTestExecutionListener@28ceb25e, org.springframework.test.context.transaction.TransactionalTestExecutionListener@2e09e367, org.springframework.test.context.jdbc.SqlScriptsTestExecutionListener@518a7b8a, org.springframework.security.test.context.support.WithSecurityContextTestExecutionListener@5a24390b, org.springframework.test.context.event.EventPublishingTestExecutionListener@7253c53, org.springframework.security.test.context.support.ReactorContextTestExecutionListener@66d6e50b, org.springframework.boot.test.autoconfigure.restdocs.RestDocsTestExecutionListener@64829470, org.springframework.boot.test.autoconfigure.web.client.MockRestServiceServerResetTestExecutionListener@1f95158a, org.springframework.boot.test.autoconfigure.web.servlet.MockMvcPrintOnlyOnFailureTestExecutionListener@31fc658f, org.springframework.boot.test.autoconfigure.web.servlet.WebDriverTestExecutionListener@60d32006, org.springframework.boot.test.autoconfigure.webservices.client.MockWebServiceServerTestExecutionListener@10820978, org.springframework.boot.test.mock.mockito.ResetMocksTestExecutionListener@278c67a7]

  .   ____          _            __ _ _
 /\\ / ___'_ __ _ _(_)_ __  __ _ \ \ \ \
( ( )\___ | '_ | '_| | '_ \/ _` | \ \ \ \
 \\/  ___)| |_)| | | | | || (_| |  ) ) ) )
  '  |____| .__|_| |_|_| |_\__, | / / / /
 =========|_|==============|___/=/_/_/_/
 :: Spring Boot ::                (v2.6.7)

2022-05-18 21:15:20.340  INFO 106 --- [    Test worker] c.s.dynamic.web.HelloControllerTest      : Starting HelloControllerTest using Java 1.8.0_322 on KANGHOONui-MacBookPro.local with PID 106 (started by kanghoonyi in /Users/kanghoonyi/git/dynamic)
2022-05-18 21:15:20.340  INFO 106 --- [    Test worker] c.s.dynamic.web.HelloControllerTest      : The following 1 profile is active: "oauth"
2022-05-18 21:15:20.503  INFO 106 --- [    Test worker] o.s.b.a.w.s.WelcomePageHandlerMapping    : Adding welcome page template: index
2022-05-18 21:15:20.609  INFO 106 --- [    Test worker] o.s.s.web.DefaultSecurityFilterChain     : Will secure any request with [org.springframework.security.web.context.request.async.WebAsyncManagerIntegrationFilter@32c8d67, org.springframework.security.web.context.SecurityContextPersistenceFilter@1791396b, org.springframework.security.web.header.HeaderWriterFilter@351d726c, org.springframework.security.web.csrf.CsrfFilter@289cf7db, org.springframework.security.web.authentication.logout.LogoutFilter@42ac309, org.springframework.security.oauth2.client.web.OAuth2AuthorizationRequestRedirectFilter@7c50709a, org.springframework.security.oauth2.client.web.OAuth2AuthorizationRequestRedirectFilter@a20898c, org.springframework.security.oauth2.client.web.OAuth2LoginAuthenticationFilter@af007d6, org.springframework.security.web.authentication.ui.DefaultLoginPageGeneratingFilter@f472245, org.springframework.security.web.authentication.ui.DefaultLogoutPageGeneratingFilter@281963c, org.springframework.security.web.savedrequest.RequestCacheAwareFilter@28d7bd6b, org.springframework.security.web.servletapi.SecurityContextHolderAwareRequestFilter@7607340f, org.springframework.security.web.authentication.AnonymousAuthenticationFilter@2a2815cc, org.springframework.security.oauth2.client.web.OAuth2AuthorizationCodeGrantFilter@28100232, org.springframework.security.web.session.SessionManagementFilter@7af0693b, org.springframework.security.web.access.ExceptionTranslationFilter@3741071d, org.springframework.security.web.access.intercept.FilterSecurityInterceptor@268e30d4]
2022-05-18 21:15:20.659  INFO 106 --- [    Test worker] o.s.b.t.m.w.SpringBootMockServletContext : Initializing Spring TestDispatcherServlet ''
2022-05-18 21:15:20.659  INFO 106 --- [    Test worker] o.s.t.web.servlet.TestDispatcherServlet  : Initializing Servlet ''
2022-05-18 21:15:20.659  INFO 106 --- [    Test worker] o.s.t.web.servlet.TestDispatcherServlet  : Completed initialization in 0 ms
2022-05-18 21:15:20.666  INFO 106 --- [    Test worker] c.s.dynamic.web.HelloControllerTest      : Started HelloControllerTest in 0.346 seconds (JVM running for 3.859)
]]></system-out>
  <system-err><![CDATA[]]></system-err>
</testsuite>
