<?xml version="1.0" encoding="UTF-8"?>
<testsuite name="com.security.dynamic.domain.posts.PostsRepositoryTest" tests="2" skipped="0" failures="0" errors="0" timestamp="2022-05-18T03:04:25" hostname="KANGHOONui-MacBookPro.local" time="0.113">
  <properties/>
  <testcase name="save_BaseTimeEntity()" classname="com.security.dynamic.domain.posts.PostsRepositoryTest" time="0.107"/>
  <testcase name="getSavedPosts()" classname="com.security.dynamic.domain.posts.PostsRepositoryTest" time="0.006"/>
  <system-out><![CDATA[2022-05-18 12:04:25.732  INFO 97247 --- [    Test worker] .b.t.c.SpringBootTestContextBootstrapper : Neither @ContextConfiguration nor @ContextHierarchy found for test class [com.security.dynamic.domain.posts.PostsRepositoryTest], using SpringBootContextLoader
2022-05-18 12:04:25.732  INFO 97247 --- [    Test worker] o.s.t.c.support.AbstractContextLoader    : Could not detect default resource locations for test class [com.security.dynamic.domain.posts.PostsRepositoryTest]: no resource found for suffixes {-context.xml, Context.groovy}.
2022-05-18 12:04:25.732  INFO 97247 --- [    Test worker] t.c.s.AnnotationConfigContextLoaderUtils : Could not detect default configuration classes for test class [com.security.dynamic.domain.posts.PostsRepositoryTest]: PostsRepositoryTest does not declare any static, non-private, non-final, nested classes annotated with @Configuration.
2022-05-18 12:04:25.734  INFO 97247 --- [    Test worker] .b.t.c.SpringBootTestContextBootstrapper : Found @SpringBootConfiguration com.security.dynamic.DynamicApplication for test class com.security.dynamic.domain.posts.PostsRepositoryTest
2022-05-18 12:04:25.735  INFO 97247 --- [    Test worker] .b.t.c.SpringBootTestContextBootstrapper : Loaded default TestExecutionListener class names from location [META-INF/spring.factories]: [org.springframework.security.test.context.support.WithSecurityContextTestExecutionListener, org.springframework.security.test.context.support.ReactorContextTestExecutionListener, org.springframework.boot.test.autoconfigure.restdocs.RestDocsTestExecutionListener, org.springframework.boot.test.autoconfigure.web.client.MockRestServiceServerResetTestExecutionListener, org.springframework.boot.test.autoconfigure.web.servlet.MockMvcPrintOnlyOnFailureTestExecutionListener, org.springframework.boot.test.autoconfigure.web.servlet.WebDriverTestExecutionListener, org.springframework.boot.test.autoconfigure.webservices.client.MockWebServiceServerTestExecutionListener, org.springframework.boot.test.mock.mockito.MockitoTestExecutionListener, org.springframework.boot.test.mock.mockito.ResetMocksTestExecutionListener, org.springframework.test.context.web.ServletTestExecutionListener, org.springframework.test.context.support.DirtiesContextBeforeModesTestExecutionListener, org.springframework.test.context.event.ApplicationEventsTestExecutionListener, org.springframework.test.context.support.DependencyInjectionTestExecutionListener, org.springframework.test.context.support.DirtiesContextTestExecutionListener, org.springframework.test.context.transaction.TransactionalTestExecutionListener, org.springframework.test.context.jdbc.SqlScriptsTestExecutionListener, org.springframework.test.context.event.EventPublishingTestExecutionListener]
2022-05-18 12:04:25.736  INFO 97247 --- [    Test worker] .b.t.c.SpringBootTestContextBootstrapper : Using TestExecutionListeners: [org.springframework.test.context.web.ServletTestExecutionListener@62871522, org.springframework.test.context.support.DirtiesContextBeforeModesTestExecutionListener@7fb9a83c, org.springframework.test.context.event.ApplicationEventsTestExecutionListener@517d9cd5, org.springframework.boot.test.mock.mockito.MockitoTestExecutionListener@5216532a, org.springframework.boot.test.autoconfigure.SpringBootDependencyInjectionTestExecutionListener@862624f, org.springframework.test.context.support.DirtiesContextTestExecutionListener@3aa8c337, org.springframework.test.context.transaction.TransactionalTestExecutionListener@78e7b83, org.springframework.test.context.jdbc.SqlScriptsTestExecutionListener@6761f75b, org.springframework.security.test.context.support.WithSecurityContextTestExecutionListener@7c8a91e2, org.springframework.test.context.event.EventPublishingTestExecutionListener@c7443f, org.springframework.security.test.context.support.ReactorContextTestExecutionListener@74e175c7, org.springframework.boot.test.autoconfigure.restdocs.RestDocsTestExecutionListener@1c528f2f, org.springframework.boot.test.autoconfigure.web.client.MockRestServiceServerResetTestExecutionListener@34ff08c6, org.springframework.boot.test.autoconfigure.web.servlet.MockMvcPrintOnlyOnFailureTestExecutionListener@e2344da, org.springframework.boot.test.autoconfigure.web.servlet.WebDriverTestExecutionListener@71135794, org.springframework.boot.test.autoconfigure.webservices.client.MockWebServiceServerTestExecutionListener@79b0956e, org.springframework.boot.test.mock.mockito.ResetMocksTestExecutionListener@35451ba6]
Hibernate: insert into posts (created_date, modified_date, author, content, title) values (?, ?, ?, ?, ?)
Hibernate: select posts0_.id as id1_0_, posts0_.created_date as created_2_0_, posts0_.modified_date as modified3_0_, posts0_.author as author4_0_, posts0_.content as content5_0_, posts0_.title as title6_0_ from posts posts0_
>>>>>>>>> createdDate=2022-05-18T12:04:25.754, modifiedDate=2022-05-18T12:04:25.754, now=2022-05-10T00:00
Hibernate: select posts0_.id as id1_0_, posts0_.created_date as created_2_0_, posts0_.modified_date as modified3_0_, posts0_.author as author4_0_, posts0_.content as content5_0_, posts0_.title as title6_0_ from posts posts0_
Hibernate: delete from posts where id=?
Hibernate: insert into posts (created_date, modified_date, author, content, title) values (?, ?, ?, ?, ?)
Hibernate: select posts0_.id as id1_0_, posts0_.created_date as created_2_0_, posts0_.modified_date as modified3_0_, posts0_.author as author4_0_, posts0_.content as content5_0_, posts0_.title as title6_0_ from posts posts0_
Hibernate: select posts0_.id as id1_0_, posts0_.created_date as created_2_0_, posts0_.modified_date as modified3_0_, posts0_.author as author4_0_, posts0_.content as content5_0_, posts0_.title as title6_0_ from posts posts0_
Hibernate: delete from posts where id=?
]]></system-out>
  <system-err><![CDATA[]]></system-err>
</testsuite>
