<?xml version="1.0" encoding="UTF-8"?>
<testsuite name="com.security.dynamic.domain.posts.PostsRepositoryTest" tests="2" skipped="0" failures="0" errors="0" timestamp="2022-05-18T12:15:20" hostname="KANGHOONui-MacBookPro.local" time="0.118">
  <properties/>
  <testcase name="save_BaseTimeEntity()" classname="com.security.dynamic.domain.posts.PostsRepositoryTest" time="0.11"/>
  <testcase name="getSavedPosts()" classname="com.security.dynamic.domain.posts.PostsRepositoryTest" time="0.008"/>
  <system-out><![CDATA[2022-05-18 21:15:20.181  INFO 106 --- [    Test worker] .b.t.c.SpringBootTestContextBootstrapper : Neither @ContextConfiguration nor @ContextHierarchy found for test class [com.security.dynamic.domain.posts.PostsRepositoryTest], using SpringBootContextLoader
2022-05-18 21:15:20.181  INFO 106 --- [    Test worker] o.s.t.c.support.AbstractContextLoader    : Could not detect default resource locations for test class [com.security.dynamic.domain.posts.PostsRepositoryTest]: no resource found for suffixes {-context.xml, Context.groovy}.
2022-05-18 21:15:20.182  INFO 106 --- [    Test worker] t.c.s.AnnotationConfigContextLoaderUtils : Could not detect default configuration classes for test class [com.security.dynamic.domain.posts.PostsRepositoryTest]: PostsRepositoryTest does not declare any static, non-private, non-final, nested classes annotated with @Configuration.
2022-05-18 21:15:20.184  INFO 106 --- [    Test worker] .b.t.c.SpringBootTestContextBootstrapper : Found @SpringBootConfiguration com.security.dynamic.DynamicApplication for test class com.security.dynamic.domain.posts.PostsRepositoryTest
2022-05-18 21:15:20.185  INFO 106 --- [    Test worker] .b.t.c.SpringBootTestContextBootstrapper : Loaded default TestExecutionListener class names from location [META-INF/spring.factories]: [org.springframework.security.test.context.support.WithSecurityContextTestExecutionListener, org.springframework.security.test.context.support.ReactorContextTestExecutionListener, org.springframework.boot.test.autoconfigure.restdocs.RestDocsTestExecutionListener, org.springframework.boot.test.autoconfigure.web.client.MockRestServiceServerResetTestExecutionListener, org.springframework.boot.test.autoconfigure.web.servlet.MockMvcPrintOnlyOnFailureTestExecutionListener, org.springframework.boot.test.autoconfigure.web.servlet.WebDriverTestExecutionListener, org.springframework.boot.test.autoconfigure.webservices.client.MockWebServiceServerTestExecutionListener, org.springframework.boot.test.mock.mockito.MockitoTestExecutionListener, org.springframework.boot.test.mock.mockito.ResetMocksTestExecutionListener, org.springframework.test.context.web.ServletTestExecutionListener, org.springframework.test.context.support.DirtiesContextBeforeModesTestExecutionListener, org.springframework.test.context.event.ApplicationEventsTestExecutionListener, org.springframework.test.context.support.DependencyInjectionTestExecutionListener, org.springframework.test.context.support.DirtiesContextTestExecutionListener, org.springframework.test.context.transaction.TransactionalTestExecutionListener, org.springframework.test.context.jdbc.SqlScriptsTestExecutionListener, org.springframework.test.context.event.EventPublishingTestExecutionListener]
2022-05-18 21:15:20.185  INFO 106 --- [    Test worker] .b.t.c.SpringBootTestContextBootstrapper : Using TestExecutionListeners: [org.springframework.test.context.web.ServletTestExecutionListener@40b8158d, org.springframework.test.context.support.DirtiesContextBeforeModesTestExecutionListener@24e7087a, org.springframework.test.context.event.ApplicationEventsTestExecutionListener@5bb3dee7, org.springframework.boot.test.mock.mockito.MockitoTestExecutionListener@284f25e6, org.springframework.boot.test.autoconfigure.SpringBootDependencyInjectionTestExecutionListener@285b491f, org.springframework.test.context.support.DirtiesContextTestExecutionListener@346330b6, org.springframework.test.context.transaction.TransactionalTestExecutionListener@71e2843b, org.springframework.test.context.jdbc.SqlScriptsTestExecutionListener@20d3fff4, org.springframework.security.test.context.support.WithSecurityContextTestExecutionListener@52325940, org.springframework.test.context.event.EventPublishingTestExecutionListener@7f792530, org.springframework.security.test.context.support.ReactorContextTestExecutionListener@1adfb5b8, org.springframework.boot.test.autoconfigure.restdocs.RestDocsTestExecutionListener@254cc548, org.springframework.boot.test.autoconfigure.web.client.MockRestServiceServerResetTestExecutionListener@65f470f8, org.springframework.boot.test.autoconfigure.web.servlet.MockMvcPrintOnlyOnFailureTestExecutionListener@531299d3, org.springframework.boot.test.autoconfigure.web.servlet.WebDriverTestExecutionListener@3487947c, org.springframework.boot.test.autoconfigure.webservices.client.MockWebServiceServerTestExecutionListener@77226121, org.springframework.boot.test.mock.mockito.ResetMocksTestExecutionListener@3117ac8d]
Hibernate: insert into posts (created_date, modified_date, author, content, title) values (?, ?, ?, ?, ?)
Hibernate: select posts0_.id as id1_0_, posts0_.created_date as created_2_0_, posts0_.modified_date as modified3_0_, posts0_.author as author4_0_, posts0_.content as content5_0_, posts0_.title as title6_0_ from posts posts0_
>>>>>>>>> createdDate=2022-05-18T21:15:20.204, modifiedDate=2022-05-18T21:15:20.204, now=2022-05-10T00:00
Hibernate: select posts0_.id as id1_0_, posts0_.created_date as created_2_0_, posts0_.modified_date as modified3_0_, posts0_.author as author4_0_, posts0_.content as content5_0_, posts0_.title as title6_0_ from posts posts0_
Hibernate: delete from posts where id=?
Hibernate: insert into posts (created_date, modified_date, author, content, title) values (?, ?, ?, ?, ?)
Hibernate: select posts0_.id as id1_0_, posts0_.created_date as created_2_0_, posts0_.modified_date as modified3_0_, posts0_.author as author4_0_, posts0_.content as content5_0_, posts0_.title as title6_0_ from posts posts0_
Hibernate: select posts0_.id as id1_0_, posts0_.created_date as created_2_0_, posts0_.modified_date as modified3_0_, posts0_.author as author4_0_, posts0_.content as content5_0_, posts0_.title as title6_0_ from posts posts0_
Hibernate: delete from posts where id=?
]]></system-out>
  <system-err><![CDATA[]]></system-err>
</testsuite>
